Importation successful, starting dezipping
Dezipping successful, starting initialization
Initialization successful, starting training
Epoch 1/100 | Train Loss: 205.6610 | Val Loss: 120.3430 | ADE: 12.1651 | FDE: 26.0893 | Best ADE: 12.1651
Epoch 2/100 | Train Loss: 160.5331 | Val Loss: 92.8592 | ADE: 10.3241 | FDE: 23.6361 | Best ADE: 10.3241
Epoch 3/100 | Train Loss: 122.3540 | Val Loss: 70.6689 | ADE: 8.6270 | FDE: 21.1548 | Best ADE: 8.6270
Epoch 4/100 | Train Loss: 93.3553 | Val Loss: 53.9388 | ADE: 7.4071 | FDE: 18.8788 | Best ADE: 7.4071
Epoch 5/100 | Train Loss: 71.3837 | Val Loss: 41.5664 | ADE: 6.4104 | FDE: 16.9845 | Best ADE: 6.4104
Epoch 6/100 | Train Loss: 54.6902 | Val Loss: 32.9392 | ADE: 5.7622 | FDE: 15.3893 | Best ADE: 5.7622
Epoch 7/100 | Train Loss: 42.3112 | Val Loss: 25.1508 | ADE: 5.0041 | FDE: 13.8837 | Best ADE: 5.0041
Epoch 8/100 | Train Loss: 32.9055 | Val Loss: 19.5586 | ADE: 4.3823 | FDE: 12.3293 | Best ADE: 4.3823
Epoch 9/100 | Train Loss: 26.2719 | Val Loss: 16.0910 | ADE: 4.0314 | FDE: 11.5427 | Best ADE: 4.0314
Epoch 10/100 | Train Loss: 20.9215 | Val Loss: 13.1776 | ADE: 3.6177 | FDE: 10.2937 | Best ADE: 3.6177
Epoch 11/100 | Train Loss: 17.0400 | Val Loss: 11.3705 | ADE: 3.4442 | FDE: 9.2546 | Best ADE: 3.4442
Epoch 12/100 | Train Loss: 14.2797 | Val Loss: 9.4945 | ADE: 3.1239 | FDE: 8.6559 | Best ADE: 3.1239
Epoch 13/100 | Train Loss: 11.7582 | Val Loss: 8.5910 | ADE: 2.9221 | FDE: 8.1638 | Best ADE: 2.9221
Epoch 14/100 | Train Loss: 9.8744 | Val Loss: 8.0900 | ADE: 2.9552 | FDE: 8.1037 | Best ADE: 2.9221
Epoch 15/100 | Train Loss: 8.4188 | Val Loss: 6.9630 | ADE: 2.6615 | FDE: 7.3649 | Best ADE: 2.6615
Epoch 16/100 | Train Loss: 7.0527 | Val Loss: 6.3336 | ADE: 2.5660 | FDE: 6.7086 | Best ADE: 2.5660
Epoch 17/100 | Train Loss: 5.9486 | Val Loss: 6.0494 | ADE: 2.5842 | FDE: 6.5731 | Best ADE: 2.5660
Epoch 18/100 | Train Loss: 5.0733 | Val Loss: 5.8570 | ADE: 2.4383 | FDE: 6.4290 | Best ADE: 2.4383
Epoch 19/100 | Train Loss: 4.2044 | Val Loss: 5.6827 | ADE: 2.4159 | FDE: 6.2533 | Best ADE: 2.4159
Epoch 20/100 | Train Loss: 3.8029 | Val Loss: 5.0805 | ADE: 2.2011 | FDE: 5.7424 | Best ADE: 2.2011
Epoch 21/100 | Train Loss: 3.3072 | Val Loss: 4.9221 | ADE: 2.1816 | FDE: 5.5833 | Best ADE: 2.1816
Epoch 22/100 | Train Loss: 2.9755 | Val Loss: 5.4577 | ADE: 2.3453 | FDE: 6.0154 | Best ADE: 2.1816
Epoch 23/100 | Train Loss: 2.6386 | Val Loss: 4.7634 | ADE: 2.1601 | FDE: 5.5034 | Best ADE: 2.1601
Epoch 24/100 | Train Loss: 2.3380 | Val Loss: 4.7571 | ADE: 2.1038 | FDE: 5.4001 | Best ADE: 2.1038
Epoch 25/100 | Train Loss: 2.3409 | Val Loss: 4.6724 | ADE: 2.0947 | FDE: 5.4988 | Best ADE: 2.0947
Epoch 26/100 | Train Loss: 2.0725 | Val Loss: 4.4673 | ADE: 2.0309 | FDE: 5.3436 | Best ADE: 2.0309
Epoch 27/100 | Train Loss: 1.8831 | Val Loss: 4.8585 | ADE: 2.1804 | FDE: 5.4592 | Best ADE: 2.0309
Epoch 28/100 | Train Loss: 1.7691 | Val Loss: 4.5904 | ADE: 2.0473 | FDE: 5.2645 | Best ADE: 2.0309
Epoch 29/100 | Train Loss: 1.7767 | Val Loss: 5.2847 | ADE: 2.2830 | FDE: 5.6030 | Best ADE: 2.0309
Epoch 30/100 | Train Loss: 1.6017 | Val Loss: 4.3798 | ADE: 1.9840 | FDE: 5.1318 | Best ADE: 1.9840
Epoch 31/100 | Train Loss: 1.6036 | Val Loss: 4.3454 | ADE: 1.9714 | FDE: 5.1735 | Best ADE: 1.9714
Epoch 32/100 | Train Loss: 1.3767 | Val Loss: 4.3861 | ADE: 1.9972 | FDE: 5.1525 | Best ADE: 1.9714
Epoch 33/100 | Train Loss: 1.4030 | Val Loss: 4.5662 | ADE: 1.9898 | FDE: 5.1611 | Best ADE: 1.9714
Epoch 34/100 | Train Loss: 1.2693 | Val Loss: 4.4957 | ADE: 2.0221 | FDE: 5.1580 | Best ADE: 1.9714
Epoch 35/100 | Train Loss: 1.2314 | Val Loss: 4.8011 | ADE: 2.1422 | FDE: 5.3703 | Best ADE: 1.9714
Epoch 36/100 | Train Loss: 1.3063 | Val Loss: 4.8415 | ADE: 2.1241 | FDE: 5.3530 | Best ADE: 1.9714
Epoch 37/100 | Train Loss: 1.2473 | Val Loss: 4.8034 | ADE: 2.0878 | FDE: 5.3574 | Best ADE: 1.9714
Epoch 38/100 | Train Loss: 1.3443 | Val Loss: 4.5248 | ADE: 2.0501 | FDE: 5.2446 | Best ADE: 1.9714
Epoch 39/100 | Train Loss: 1.1812 | Val Loss: 4.5481 | ADE: 1.9879 | FDE: 5.1632 | Best ADE: 1.9714
Epoch 40/100 | Train Loss: 1.0292 | Val Loss: 4.7856 | ADE: 2.1550 | FDE: 5.4337 | Best ADE: 1.9714
Epoch 41/100 | Train Loss: 0.8529 | Val Loss: 4.2478 | ADE: 1.9139 | FDE: 4.9913 | Best ADE: 1.9139
Epoch 42/100 | Train Loss: 0.8165 | Val Loss: 4.2766 | ADE: 1.9291 | FDE: 5.0187 | Best ADE: 1.9139
Epoch 43/100 | Train Loss: 0.7880 | Val Loss: 4.2958 | ADE: 1.9390 | FDE: 5.0291 | Best ADE: 1.9139
Epoch 44/100 | Train Loss: 0.7558 | Val Loss: 4.2505 | ADE: 1.9125 | FDE: 5.0079 | Best ADE: 1.9125
Epoch 45/100 | Train Loss: 0.7231 | Val Loss: 4.2784 | ADE: 1.9228 | FDE: 4.9962 | Best ADE: 1.9125
Epoch 46/100 | Train Loss: 0.7084 | Val Loss: 4.2653 | ADE: 1.9195 | FDE: 4.9792 | Best ADE: 1.9125
Epoch 47/100 | Train Loss: 0.6729 | Val Loss: 4.2530 | ADE: 1.9063 | FDE: 4.9600 | Best ADE: 1.9063
Epoch 48/100 | Train Loss: 0.6987 | Val Loss: 4.2366 | ADE: 1.8997 | FDE: 4.9715 | Best ADE: 1.8997
Epoch 49/100 | Train Loss: 0.6638 | Val Loss: 4.2428 | ADE: 1.9155 | FDE: 4.9887 | Best ADE: 1.8997
Epoch 50/100 | Train Loss: 0.6439 | Val Loss: 4.3085 | ADE: 1.9284 | FDE: 4.9798 | Best ADE: 1.8997
Epoch 51/100 | Train Loss: 0.6424 | Val Loss: 4.2813 | ADE: 1.9098 | FDE: 4.9887 | Best ADE: 1.8997
Epoch 52/100 | Train Loss: 0.6361 | Val Loss: 4.3748 | ADE: 1.9623 | FDE: 5.0576 | Best ADE: 1.8997
Epoch 53/100 | Train Loss: 0.6196 | Val Loss: 4.3303 | ADE: 1.9234 | FDE: 4.9964 | Best ADE: 1.8997
Epoch 54/100 | Train Loss: 0.6074 | Val Loss: 4.3062 | ADE: 1.9110 | FDE: 4.9726 | Best ADE: 1.8997
Epoch 55/100 | Train Loss: 0.5972 | Val Loss: 4.3565 | ADE: 1.9401 | FDE: 5.0052 | Best ADE: 1.8997
Epoch 56/100 | Train Loss: 0.5826 | Val Loss: 4.3282 | ADE: 1.9314 | FDE: 4.9982 | Best ADE: 1.8997
Epoch 57/100 | Train Loss: 0.5708 | Val Loss: 4.2787 | ADE: 1.9051 | FDE: 4.9504 | Best ADE: 1.8997
Epoch 58/100 | Train Loss: 0.5739 | Val Loss: 4.2818 | ADE: 1.9119 | FDE: 4.9810 | Best ADE: 1.8997
Epoch 59/100 | Train Loss: 0.5498 | Val Loss: 4.2595 | ADE: 1.9063 | FDE: 4.9453 | Best ADE: 1.8997
Epoch 60/100 | Train Loss: 0.5524 | Val Loss: 4.2515 | ADE: 1.8943 | FDE: 4.9448 | Best ADE: 1.8943
Epoch 61/100 | Train Loss: 0.5504 | Val Loss: 4.3193 | ADE: 1.9164 | FDE: 4.9854 | Best ADE: 1.8943
Epoch 62/100 | Train Loss: 0.5439 | Val Loss: 4.3355 | ADE: 1.9331 | FDE: 5.0082 | Best ADE: 1.8943
Epoch 63/100 | Train Loss: 0.5299 | Val Loss: 4.3299 | ADE: 1.9192 | FDE: 4.9966 | Best ADE: 1.8943
Epoch 64/100 | Train Loss: 0.5245 | Val Loss: 4.3176 | ADE: 1.9385 | FDE: 5.0216 | Best ADE: 1.8943
Epoch 65/100 | Train Loss: 0.5098 | Val Loss: 4.2993 | ADE: 1.9178 | FDE: 4.9942 | Best ADE: 1.8943
Epoch 66/100 | Train Loss: 0.5354 | Val Loss: 4.2788 | ADE: 1.9156 | FDE: 4.9997 | Best ADE: 1.8943
Epoch 67/100 | Train Loss: 0.5214 | Val Loss: 4.3034 | ADE: 1.9234 | FDE: 4.9937 | Best ADE: 1.8943
Epoch 68/100 | Train Loss: 0.5116 | Val Loss: 4.3476 | ADE: 1.9188 | FDE: 4.9857 | Best ADE: 1.8943
Epoch 69/100 | Train Loss: 0.5082 | Val Loss: 4.3414 | ADE: 1.9316 | FDE: 4.9946 | Best ADE: 1.8943
Epoch 70/100 | Train Loss: 0.5120 | Val Loss: 4.3481 | ADE: 1.9461 | FDE: 5.0489 | Best ADE: 1.8943
Epoch 71/100 | Train Loss: 0.5125 | Val Loss: 4.3291 | ADE: 1.9107 | FDE: 4.9875 | Best ADE: 1.8943
Epoch 72/100 | Train Loss: 0.5034 | Val Loss: 4.3500 | ADE: 1.9348 | FDE: 5.0295 | Best ADE: 1.8943
Epoch 73/100 | Train Loss: 0.4902 | Val Loss: 4.3041 | ADE: 1.9224 | FDE: 5.0109 | Best ADE: 1.8943
Epoch 74/100 | Train Loss: 0.4915 | Val Loss: 4.4292 | ADE: 1.9600 | FDE: 5.0679 | Best ADE: 1.8943
Epoch 75/100 | Train Loss: 0.4851 | Val Loss: 4.3721 | ADE: 1.9508 | FDE: 5.0125 | Best ADE: 1.8943
Epoch 76/100 | Train Loss: 0.4646 | Val Loss: 4.3774 | ADE: 1.9383 | FDE: 5.0164 | Best ADE: 1.8943
Epoch 77/100 | Train Loss: 0.4750 | Val Loss: 4.3208 | ADE: 1.9172 | FDE: 5.0085 | Best ADE: 1.8943
Epoch 78/100 | Train Loss: 0.4636 | Val Loss: 4.3441 | ADE: 1.9170 | FDE: 5.0038 | Best ADE: 1.8943
Epoch 79/100 | Train Loss: 0.4678 | Val Loss: 4.4249 | ADE: 1.9657 | FDE: 5.0497 | Best ADE: 1.8943
Epoch 80/100 | Train Loss: 0.4704 | Val Loss: 4.3975 | ADE: 1.9576 | FDE: 5.0366 | Best ADE: 1.8943
Epoch 81/100 | Train Loss: 0.4517 | Val Loss: 4.3835 | ADE: 1.9312 | FDE: 5.0203 | Best ADE: 1.8943
Epoch 82/100 | Train Loss: 0.4323 | Val Loss: 4.3756 | ADE: 1.9206 | FDE: 5.0102 | Best ADE: 1.8943
Epoch 83/100 | Train Loss: 0.4319 | Val Loss: 4.3542 | ADE: 1.9165 | FDE: 4.9927 | Best ADE: 1.8943
Epoch 84/100 | Train Loss: 0.4389 | Val Loss: 4.3915 | ADE: 1.9247 | FDE: 4.9964 | Best ADE: 1.8943
Epoch 85/100 | Train Loss: 0.4267 | Val Loss: 4.3662 | ADE: 1.9216 | FDE: 4.9966 | Best ADE: 1.8943
Epoch 86/100 | Train Loss: 0.4383 | Val Loss: 4.3440 | ADE: 1.9217 | FDE: 4.9981 | Best ADE: 1.8943
Epoch 87/100 | Train Loss: 0.4273 | Val Loss: 4.3858 | ADE: 1.9275 | FDE: 5.0049 | Best ADE: 1.8943
Epoch 88/100 | Train Loss: 0.4284 | Val Loss: 4.3110 | ADE: 1.9114 | FDE: 4.9701 | Best ADE: 1.8943
Epoch 89/100 | Train Loss: 0.4246 | Val Loss: 4.3433 | ADE: 1.9196 | FDE: 4.9928 | Best ADE: 1.8943
Epoch 90/100 | Train Loss: 0.4449 | Val Loss: 4.3792 | ADE: 1.9285 | FDE: 5.0203 | Best ADE: 1.8943
Epoch 91/100 | Train Loss: 0.4286 | Val Loss: 4.3838 | ADE: 1.9325 | FDE: 5.0150 | Best ADE: 1.8943
Epoch 92/100 | Train Loss: 0.4264 | Val Loss: 4.3876 | ADE: 1.9323 | FDE: 5.0068 | Best ADE: 1.8943
Epoch 93/100 | Train Loss: 0.4281 | Val Loss: 4.4024 | ADE: 1.9389 | FDE: 5.0201 | Best ADE: 1.8943
Epoch 94/100 | Train Loss: 0.4278 | Val Loss: 4.3594 | ADE: 1.9251 | FDE: 5.0140 | Best ADE: 1.8943
Epoch 95/100 | Train Loss: 0.4273 | Val Loss: 4.3722 | ADE: 1.9268 | FDE: 5.0109 | Best ADE: 1.8943
Epoch 96/100 | Train Loss: 0.4336 | Val Loss: 4.3618 | ADE: 1.9260 | FDE: 5.0134 | Best ADE: 1.8943
Epoch 97/100 | Train Loss: 0.4251 | Val Loss: 4.3491 | ADE: 1.9228 | FDE: 4.9943 | Best ADE: 1.8943
Epoch 98/100 | Train Loss: 0.4249 | Val Loss: 4.3668 | ADE: 1.9266 | FDE: 5.0046 | Best ADE: 1.8943
Epoch 99/100 | Train Loss: 0.4441 | Val Loss: 4.4234 | ADE: 1.9379 | FDE: 5.0300 | Best ADE: 1.8943
Epoch 100/100 | Train Loss: 0.4233 | Val Loss: 4.3531 | ADE: 1.9208 | FDE: 5.0045 | Best ADE: 1.8943
Training finished;
- Initial parameters: d_camera=1024,d_latent=256, aux_loss; no, epochs=100, lr=step(1e-4,40,0.1)
- Final results: best_ADE=1.894280068576336
Model successfully saved
